<?xml version="1.0" encoding="UTF-8"?>
<!-- Generated by org.testng.reporters.JUnitReportReporter -->
<testsuite hostname="QSP" failures="0" tests="1" name="parameterization.Operation" time="5.551" errors="0" timestamp="2021-07-15T08:16:21 IST" skipped="0">
  <testcase classname="parameterization.Operation" name="test5" time="5.551"/>
</testsuite> <!-- parameterization.Operation -->
