<?xml version="1.0" encoding="UTF-8"?>
<!-- Generated by org.testng.reporters.JUnitReportReporter -->
<testsuite hostname="QSP" failures="0" tests="1" name="database.Test0" time="1.647" errors="0" timestamp="2021-07-20T07:56:07 IST" skipped="0">
  <testcase classname="database.Test0" name="db" time="1.647"/>
</testsuite> <!-- database.Test0 -->
