<?xml version="1.0" encoding="UTF-8"?>
<!-- Generated by org.testng.reporters.JUnitReportReporter -->
<testsuite hostname="QSP" failures="0" tests="1" name="pojo.Demo" time="5.997" errors="0" timestamp="2021-07-17T08:14:50 IST" skipped="0">
  <testcase classname="pojo.Demo" name="tc2" time="5.997"/>
</testsuite> <!-- pojo.Demo -->
