<?xml version="1.0" encoding="UTF-8"?>
<!-- Generated by org.testng.reporters.JUnitReportReporter -->
<testsuite hostname="QSP" failures="0" tests="1" name="bddCurdOperation.PostOperation" time="5.702" errors="0" timestamp="2021-07-14T08:15:35 IST" skipped="0">
  <testcase classname="bddCurdOperation.PostOperation" name="tc2" time="5.702"/>
</testsuite> <!-- bddCurdOperation.PostOperation -->
