<?xml version="1.0" encoding="UTF-8"?>
<!-- Generated by org.testng.reporters.JUnitReportReporter -->
<testsuite hostname="QSP" failures="0" tests="1" name="authorization.PostOperation" time="8.434" errors="0" timestamp="2021-07-15T07:49:01 IST" skipped="0">
  <testcase classname="authorization.PostOperation" name="tc2" time="8.434"/>
</testsuite> <!-- authorization.PostOperation -->
