<?xml version="1.0" encoding="UTF-8"?>
<!-- Generated by org.testng.reporters.JUnitReportReporter -->
<testsuite hostname="QSP" failures="0" tests="1" name="bddCurdOperation.GetOperation" time="4.963" errors="0" timestamp="2021-07-14T08:10:31 IST" skipped="0">
  <testcase classname="bddCurdOperation.GetOperation" name="gettc" time="4.963"/>
</testsuite> <!-- bddCurdOperation.GetOperation -->
