<?xml version="1.0" encoding="UTF-8"?>
<!-- Generated by org.testng.reporters.JUnitReportReporter -->
<testsuite hostname="QSP" failures="0" tests="1" name="parameterization.Demo" time="5.559" errors="0" timestamp="2021-07-15T08:21:56 IST" skipped="0">
  <testcase classname="parameterization.Demo" name="test5" time="5.559"/>
</testsuite> <!-- parameterization.Demo -->
