<?xml version="1.0" encoding="UTF-8"?>
<!-- Generated by org.testng.reporters.JUnitReportReporter -->
<testsuite hostname="QSP" failures="0" tests="1" name="parameterization.Demo" time="7.050" errors="0" timestamp="2021-07-15T19:11:04 IST" skipped="0">
  <testcase classname="parameterization.Demo" name="test5" time="7.050"/>
</testsuite> <!-- parameterization.Demo -->
