<?xml version="1.0" encoding="UTF-8"?>
<!-- Generated by org.testng.reporters.JUnitReportReporter -->
<testsuite hostname="QSP" failures="0" tests="1" name="curd.Getthedata" time="5.370" errors="0" timestamp="2021-07-17T07:37:48 IST" skipped="0">
  <testcase classname="curd.Getthedata" name="tc1" time="5.370"/>
</testsuite> <!-- curd.Getthedata -->
