<?xml version="1.0" encoding="UTF-8"?>
<!-- Generated by org.testng.reporters.JUnitReportReporter -->
<testsuite hostname="QSP" failures="0" tests="1" name="bddCurdOperation.UpdateOperation" time="5.782" errors="0" timestamp="2021-07-14T08:18:18 IST" skipped="0">
  <testcase classname="bddCurdOperation.UpdateOperation" name="tc3" time="5.782"/>
</testsuite> <!-- bddCurdOperation.UpdateOperation -->
