<?xml version="1.0" encoding="UTF-8"?>
<!-- Generated by org.testng.reporters.JUnitReportReporter -->
<testsuite hostname="QSP" failures="0" tests="1" name="authorization.UpdateOperation" time="6.844" errors="0" timestamp="2021-07-15T07:56:27 IST" skipped="0">
  <testcase classname="authorization.UpdateOperation" name="tc3" time="6.844"/>
</testsuite> <!-- authorization.UpdateOperation -->
