<?xml version="1.0" encoding="UTF-8"?>
<!-- Generated by org.testng.reporters.JUnitReportReporter -->
<testsuite hostname="QSP" failures="0" tests="1" name="parameterization.GetOperation" time="5.829" errors="0" timestamp="2021-07-15T08:09:23 IST" skipped="0">
  <testcase classname="parameterization.GetOperation" name="tc6" time="5.829"/>
</testsuite> <!-- parameterization.GetOperation -->
