<?xml version="1.0" encoding="UTF-8"?>
<!-- Generated by org.testng.reporters.JUnitReportReporter -->
<testsuite hostname="QSP" failures="0" tests="1" name="validation.Test1" time="8.155" errors="0" timestamp="2021-07-17T07:40:36 IST" skipped="0">
  <testcase classname="validation.Test1" name="demo" time="8.155"/>
</testsuite> <!-- validation.Test1 -->
