<?xml version="1.0" encoding="UTF-8"?>
<!-- Generated by org.testng.reporters.JUnitReportReporter -->
<testsuite hostname="QSP" failures="0" tests="1" name="validation.Test0" time="5.519" errors="0" timestamp="2021-07-16T07:44:03 IST" skipped="0">
  <testcase classname="validation.Test0" name="gettc" time="5.519"/>
</testsuite> <!-- validation.Test0 -->
