<?xml version="1.0" encoding="UTF-8"?>
<!-- Generated by org.testng.reporters.JUnitReportReporter -->
<testsuite hostname="QSP" failures="0" tests="1" name="curd.DeleteOperation" time="4.936" errors="0" timestamp="2021-07-14T07:54:43 IST" skipped="0">
  <testcase classname="curd.DeleteOperation" name="delete" time="4.936"/>
</testsuite> <!-- curd.DeleteOperation -->
