<?xml version="1.0" encoding="UTF-8"?>
<!-- Generated by org.testng.reporters.JUnitReportReporter -->
<testsuite hostname="QSP" failures="0" tests="1" name="pojo.Deserailiaztion" time="0.821" errors="0" timestamp="2021-07-17T08:05:25 IST" skipped="0">
  <testcase classname="pojo.Deserailiaztion" name="tc2" time="0.821"/>
</testsuite> <!-- pojo.Deserailiaztion -->
