<?xml version="1.0" encoding="UTF-8"?>
<!-- Generated by org.testng.reporters.JUnitReportReporter -->
<testsuite hostname="QSP" failures="0" tests="1" name="authorization.DeleleteOperation" time="5.872" errors="0" timestamp="2021-07-15T07:59:01 IST" skipped="0">
  <testcase classname="authorization.DeleleteOperation" name="tc5" time="5.872"/>
</testsuite> <!-- authorization.DeleleteOperation -->
