<?xml version="1.0" encoding="UTF-8"?>
<!-- Generated by org.testng.reporters.JUnitReportReporter -->
<testsuite hostname="QSP" failures="0" tests="1" name="pojo.Serialization" time="0.561" errors="0" timestamp="2021-07-17T08:01:57 IST" skipped="0">
  <testcase classname="pojo.Serialization" name="tc2" time="0.561"/>
</testsuite> <!-- pojo.Serialization -->
