<?xml version="1.0" encoding="UTF-8"?>
<!-- Generated by org.testng.reporters.JUnitReportReporter -->
<testsuite hostname="QSP" failures="0" tests="1" name="authorization.Test0" time="6.034" errors="0" timestamp="2021-07-15T07:42:35 IST" skipped="0">
  <testcase classname="authorization.Test0" name="tc1" time="6.034"/>
</testsuite> <!-- authorization.Test0 -->
