<?xml version="1.0" encoding="UTF-8"?>
<!-- Generated by org.testng.reporters.JUnitReportReporter -->
<testsuite hostname="QSP" failures="0" tests="1" name="bddCurdOperation.DeleteOperation" time="4.705" errors="0" timestamp="2021-07-14T08:20:27 IST" skipped="0">
  <testcase classname="bddCurdOperation.DeleteOperation" name="tc5" time="4.705"/>
</testsuite> <!-- bddCurdOperation.DeleteOperation -->
